<?xml version="1.0" encoding="UTF-8"?>
<!-- Generated by org.testng.reporters.JUnitXMLReporter -->
<testsuite ignored="0" hostname="DESKTOP-QFCL18R" failures="0" tests="3" name="Default test" time="33.825" errors="0" timestamp="2022-07-20T00:21:35 IST">
  <testcase classname="opp.hybridTestCases.selenium.OrangeHRM" name="login" time="3.549"/>
  <testcase classname="opp.hybridTestCases.selenium.OrangeHRM" name="login" time="2.533"/>
  <testcase classname="opp.hybridTestCases.selenium.OrangeHRM" name="login" time="1.634"/>
</testsuite> <!-- Default test -->
