<?xml version="1.0" encoding="UTF-8"?>
<!-- Generated by org.testng.reporters.JUnitXMLReporter -->
<testsuite ignored="1" hostname="DESKTOP-QFCL18R" failures="1" tests="1" name="Test" time="0.047" errors="0" timestamp="2022-07-11T23:45:34 IST">
  <testcase classname="opp.locators.selenium.POMExample" name="methodUrl" time="0.01">
    <failure type="java.lang.NullPointerException" message="Cannot invoke &amp;quot;org.openqa.selenium.WebDriver.get(String)&amp;quot; because &amp;quot;opp.locators.selenium.POMExample.driver&amp;quot; is null">
      <![CDATA[java.lang.NullPointerException: Cannot invoke "org.openqa.selenium.WebDriver.get(String)" because "opp.locators.selenium.POMExample.driver" is null
at opp.locators.selenium.POMExample.methodUrl(POMExample.java:22)
at java.base/java.util.ArrayList.forEach(ArrayList.java:1511)
... Removed 27 stack frames]]>
    </failure>
  </testcase> <!-- methodUrl -->
  <testcase classname="opp.locators.selenium.POMExample" name="methodForClickkBusinessPage" time="0.0">
    <ignored/>
  </testcase> <!-- methodForClickkBusinessPage -->
</testsuite> <!-- Test -->
