<?xml version="1.0" encoding="UTF-8"?>
<testng-results ignored="0" total="1" passed="1" failed="0" skipped="0">
  <reporter-output>
  </reporter-output>
  <suite started-at="2022-07-13T23:36:47 IST" name="Default suite" finished-at="2022-07-13T23:36:52 IST" duration-ms="5239">
    <groups>
    </groups>
    <test started-at="2022-07-13T23:36:47 IST" name="Default test" finished-at="2022-07-13T23:36:52 IST" duration-ms="5239">
      <class name="opp.locators.selenium.objectElement.RegistrationForm">
        <test-method is-config="true" signature="config()[pri:0, instance:opp.locators.selenium.objectElement.RegistrationForm@4dbb42b7]" started-at="2022-07-13T23:36:47 IST" name="config" finished-at="2022-07-13T23:36:50 IST" duration-ms="3046" status="PASS">
          <reporter-output>
          </reporter-output>
        </test-method> <!-- config -->
        <test-method signature="submitForm()[pri:0, instance:opp.locators.selenium.objectElement.RegistrationForm@4dbb42b7]" started-at="2022-07-13T23:36:50 IST" name="submitForm" finished-at="2022-07-13T23:36:52 IST" duration-ms="2150" status="PASS">
          <reporter-output>
          </reporter-output>
        </test-method> <!-- submitForm -->
      </class> <!-- opp.locators.selenium.objectElement.RegistrationForm -->
    </test> <!-- Default test -->
  </suite> <!-- Default suite -->
</testng-results>
