<?xml version="1.0" encoding="UTF-8"?>
<testng-results ignored="0" total="3" passed="3" failed="0" skipped="0">
  <reporter-output>
  </reporter-output>
  <suite started-at="2022-07-20T00:21:01 IST" name="Default suite" finished-at="2022-07-20T00:21:35 IST" duration-ms="33825">
    <groups>
    </groups>
    <test started-at="2022-07-20T00:21:01 IST" name="Default test" finished-at="2022-07-20T00:21:35 IST" duration-ms="33825">
      <class name="opp.hybridTestCases.selenium.OrangeHRM">
        <test-method is-config="true" signature="init()[pri:0, instance:opp.hybridTestCases.selenium.OrangeHRM@6fd83fc1]" started-at="2022-07-20T00:21:01 IST" name="init" finished-at="2022-07-20T00:21:07 IST" duration-ms="5791" status="PASS">
          <reporter-output>
          </reporter-output>
        </test-method> <!-- init -->
        <test-method signature="login(java.lang.String,java.lang.String)[pri:0, instance:opp.hybridTestCases.selenium.OrangeHRM@6fd83fc1]" started-at="2022-07-20T00:21:07 IST" name="login" data-provider="dataPasser" finished-at="2022-07-20T00:21:10 IST" duration-ms="3549" status="PASS">
          <params>
            <param index="0">
              <value>
                <![CDATA[Admin]]>
              </value>
            </param>
            <param index="1">
              <value>
                <![CDATA[admin123]]>
              </value>
            </param>
          </params>
          <reporter-output>
          </reporter-output>
        </test-method> <!-- login -->
        <test-method is-config="true" signature="tearDown()[pri:0, instance:opp.hybridTestCases.selenium.OrangeHRM@6fd83fc1]" started-at="2022-07-20T00:21:10 IST" name="tearDown" finished-at="2022-07-20T00:21:14 IST" duration-ms="3083" status="PASS">
          <reporter-output>
          </reporter-output>
        </test-method> <!-- tearDown -->
        <test-method is-config="true" signature="init()[pri:0, instance:opp.hybridTestCases.selenium.OrangeHRM@6fd83fc1]" started-at="2022-07-20T00:21:14 IST" name="init" finished-at="2022-07-20T00:21:19 IST" duration-ms="5302" status="PASS">
          <reporter-output>
          </reporter-output>
        </test-method> <!-- init -->
        <test-method signature="login(java.lang.String,java.lang.String)[pri:0, instance:opp.hybridTestCases.selenium.OrangeHRM@6fd83fc1]" started-at="2022-07-20T00:21:19 IST" name="login" data-provider="dataPasser" finished-at="2022-07-20T00:21:21 IST" duration-ms="2533" status="PASS">
          <params>
            <param index="0">
              <value>
                <![CDATA[admin]]>
              </value>
            </param>
            <param index="1">
              <value>
                <![CDATA[pasowrr]]>
              </value>
            </param>
          </params>
          <reporter-output>
          </reporter-output>
        </test-method> <!-- login -->
        <test-method is-config="true" signature="tearDown()[pri:0, instance:opp.hybridTestCases.selenium.OrangeHRM@6fd83fc1]" started-at="2022-07-20T00:21:21 IST" name="tearDown" finished-at="2022-07-20T00:21:24 IST" duration-ms="3077" status="PASS">
          <reporter-output>
          </reporter-output>
        </test-method> <!-- tearDown -->
        <test-method is-config="true" signature="init()[pri:0, instance:opp.hybridTestCases.selenium.OrangeHRM@6fd83fc1]" started-at="2022-07-20T00:21:24 IST" name="init" finished-at="2022-07-20T00:21:30 IST" duration-ms="5706" status="PASS">
          <reporter-output>
          </reporter-output>
        </test-method> <!-- init -->
        <test-method signature="login(java.lang.String,java.lang.String)[pri:0, instance:opp.hybridTestCases.selenium.OrangeHRM@6fd83fc1]" started-at="2022-07-20T00:21:30 IST" name="login" data-provider="dataPasser" finished-at="2022-07-20T00:21:32 IST" duration-ms="1634" status="PASS">
          <params>
            <param index="0">
              <value>
                <![CDATA[Admin]]>
              </value>
            </param>
            <param index="1">
              <value>
                <![CDATA[Password]]>
              </value>
            </param>
          </params>
          <reporter-output>
          </reporter-output>
        </test-method> <!-- login -->
        <test-method is-config="true" signature="tearDown()[pri:0, instance:opp.hybridTestCases.selenium.OrangeHRM@6fd83fc1]" started-at="2022-07-20T00:21:32 IST" name="tearDown" finished-at="2022-07-20T00:21:35 IST" duration-ms="3091" status="PASS">
          <reporter-output>
          </reporter-output>
        </test-method> <!-- tearDown -->
      </class> <!-- opp.hybridTestCases.selenium.OrangeHRM -->
    </test> <!-- Default test -->
  </suite> <!-- Default suite -->
</testng-results>
